---
  0 debug pnpm:scope: 
    selected: 1
    workspacePrefix: null
  1 info pnpm: 
    message: "A store server is running. All store manipulations are delegated to it."
    prefix: "/app"
  2 debug pnpm:package-json: 
    initial: 
      //1: "Discord bot altyapı!"
      //2: "https://docs.npmjs.com/files/package.json"
      //3: "Discord hazır altyapı"
      name: "hello-express"
      version: "0.0.1"
      description: "Glitch Discord Botu."
      main: "bot.js"
      scripts: 
        start: "node bot.js"
      dependencies: 
        aki-api: "^6.0.8"
        canvas: "^2.8.0"
        canvas-constructor: "^5.0.2"
        clever-bot-api: "^1.5.4"
        croxydb: "0.0.7"
        discord-buttons: "^4.0.0"
        discord.js: "^12.5.1"
        figlet: "^1.5.0"
        id: "0.0.0"
        jimp: "^0.16.1"
        moment: "^2.29.1"
        moment-duration-format: "^2.3.2"
        ms: "^2.1.3"
        orio.db: "^3.1.2"
        quick.db: "^7.1.3"
        snekfetch: "^4.0.4"
        steam-provider: "^0.3.2"
        superagent: "^6.1.0"
        useful-tools: "^0.2.6"
        util: "^0.12.4"
        weather-js: "^2.0.0"
      engines: 
        node: "12.x"
      repository: 
        url: "https://glitch.com/edit/#!/hello-express"
      license: "MIT"
      keywords: 
        - "node"
        - "glitch"
        - "express"
      readme: "# werass"
      readmeFilename: "README.md"
      gitHead: "c31a8c2f3b473fb200139ebc96a8769a0fd2166d"
      _id: "hello-express@0.0.1"
    prefix: "/app"
  3 warn pnpm: 
    message: "Moving aki-api that was installed by a different package manager to \"node_modules/.ignored"
    prefix: "/app"
  4 error pnpm: 
    message: 
      errno: -39
      code: "ENOTEMPTY"
      syscall: "rename"
      path: "/rbd/pnpm-volume/9c69d5ec-839c-45fe-ba47-4a3807a91ad0/node_modules/aki-api"
      dest: "/rbd/pnpm-volume/9c69d5ec-839c-45fe-ba47-4a3807a91ad0/node_modules/.ignored/aki-api"
    err: 
      name: "Error"
      message: "ENOTEMPTY: directory not empty, rename '/rbd/pnpm-volume/9c69d5ec-839c-45fe-ba47-4a3807a91ad0/node_modules/aki-api' -> '/rbd/pnpm-volume/9c69d5ec-839c-45fe-ba47-4a3807a91ad0/node_modules/.ignored/aki-api'"
      code: "ENOTEMPTY"
      stack: "Error: ENOTEMPTY: directory not empty, rename '/rbd/pnpm-volume/9c69d5ec-839c-45fe-ba47-4a3807a91ad0/node_modules/aki-api' -> '/rbd/pnpm-volume/9c69d5ec-839c-45fe-ba47-4a3807a91ad0/node_modules/.ignored/aki-api'"
